<?xml version="1.0" encoding="UTF-8"?>
<testsuite xmlns:xsi="http://www.w3.org/2001/XMLSchema-instance" xsi:noNamespaceSchemaLocation="https://maven.apache.org/surefire/maven-surefire-plugin/xsd/surefire-test-report-3.0.xsd" version="3.0" name="proyect.AppTest" time="0.036" tests="1" errors="0" skipped="0" failures="0">
  <properties>
    <property name="java.specification.version" value="21"/>
    <property name="sun.cpu.isalist" value="amd64"/>
    <property name="sun.jnu.encoding" value="Cp1252"/>
    <property name="java.class.path" value="E:\eda\EDA_lab04\artifactId\target\test-classes;E:\eda\EDA_lab04\artifactId\target\classes;C:\Users\MSI\.m2\repository\org\graphstream\gs-core\1.3\gs-core-1.3.jar;C:\Users\MSI\.m2\repository\junit\junit\4.12\junit-4.12.jar;C:\Users\MSI\.m2\repository\org\hamcrest\hamcrest-core\1.3\hamcrest-core-1.3.jar;C:\Users\MSI\.m2\repository\org\graphstream\pherd\1.0\pherd-1.0.jar;C:\Users\MSI\.m2\repository\org\graphstream\mbox2\1.0\mbox2-1.0.jar;C:\Users\MSI\.m2\repository\org\graphstream\gs-ui\1.3\gs-ui-1.3.jar;C:\Users\MSI\.m2\repository\org\graphstream\gs-algo\1.3\gs-algo-1.3.jar;C:\Users\MSI\.m2\repository\org\apache\commons\commons-math\2.1\commons-math-2.1.jar;C:\Users\MSI\.m2\repository\org\apache\commons\commons-math3\3.4.1\commons-math3-3.4.1.jar;C:\Users\MSI\.m2\repository\org\jfree\jfreechart\1.0.14\jfreechart-1.0.14.jar;C:\Users\MSI\.m2\repository\org\jfree\jcommon\1.0.17\jcommon-1.0.17.jar;C:\Users\MSI\.m2\repository\xml-apis\xml-apis\1.3.04\xml-apis-1.3.04.jar;C:\Users\MSI\.m2\repository\com\lowagie\itext\2.1.5\itext-2.1.5.jar;C:\Users\MSI\.m2\repository\bouncycastle\bcmail-jdk14\138\bcmail-jdk14-138.jar;C:\Users\MSI\.m2\repository\bouncycastle\bcprov-jdk14\138\bcprov-jdk14-138.jar;C:\Users\MSI\.m2\repository\org\scala-lang\scala-library\2.10.1\scala-library-2.10.1.jar;"/>
    <property name="java.vm.vendor" value="Eclipse Adoptium"/>
    <property name="sun.arch.data.model" value="64"/>
    <property name="user.variant" value=""/>
    <property name="java.vendor.url" value="https://adoptium.net/"/>
    <property name="user.timezone" value="America/Lima"/>
    <property name="os.name" value="Windows 11"/>
    <property name="java.vm.specification.version" value="21"/>
    <property name="sun.java.launcher" value="SUN_STANDARD"/>
    <property name="user.country" value="PE"/>
    <property name="sun.boot.library.path" value="C:\Program Files\Eclipse Adoptium\jdk-21.0.2.13-hotspot\bin"/>
    <property name="sun.java.command" value="C:\Users\MSI\AppData\Local\Temp\surefire10907283709037640679\surefirebooter-20240616132335829_3.jar C:\Users\MSI\AppData\Local\Temp\surefire10907283709037640679 2024-06-16T13-23-35_715-jvmRun1 surefire-20240616132335829_1tmp surefire_0-20240616132335829_2tmp"/>
    <property name="jdk.debug" value="release"/>
    <property name="surefire.test.class.path" value="E:\eda\EDA_lab04\artifactId\target\test-classes;E:\eda\EDA_lab04\artifactId\target\classes;C:\Users\MSI\.m2\repository\org\graphstream\gs-core\1.3\gs-core-1.3.jar;C:\Users\MSI\.m2\repository\junit\junit\4.12\junit-4.12.jar;C:\Users\MSI\.m2\repository\org\hamcrest\hamcrest-core\1.3\hamcrest-core-1.3.jar;C:\Users\MSI\.m2\repository\org\graphstream\pherd\1.0\pherd-1.0.jar;C:\Users\MSI\.m2\repository\org\graphstream\mbox2\1.0\mbox2-1.0.jar;C:\Users\MSI\.m2\repository\org\graphstream\gs-ui\1.3\gs-ui-1.3.jar;C:\Users\MSI\.m2\repository\org\graphstream\gs-algo\1.3\gs-algo-1.3.jar;C:\Users\MSI\.m2\repository\org\apache\commons\commons-math\2.1\commons-math-2.1.jar;C:\Users\MSI\.m2\repository\org\apache\commons\commons-math3\3.4.1\commons-math3-3.4.1.jar;C:\Users\MSI\.m2\repository\org\jfree\jfreechart\1.0.14\jfreechart-1.0.14.jar;C:\Users\MSI\.m2\repository\org\jfree\jcommon\1.0.17\jcommon-1.0.17.jar;C:\Users\MSI\.m2\repository\xml-apis\xml-apis\1.3.04\xml-apis-1.3.04.jar;C:\Users\MSI\.m2\repository\com\lowagie\itext\2.1.5\itext-2.1.5.jar;C:\Users\MSI\.m2\repository\bouncycastle\bcmail-jdk14\138\bcmail-jdk14-138.jar;C:\Users\MSI\.m2\repository\bouncycastle\bcprov-jdk14\138\bcprov-jdk14-138.jar;C:\Users\MSI\.m2\repository\org\scala-lang\scala-library\2.10.1\scala-library-2.10.1.jar;"/>
    <property name="sun.cpu.endian" value="little"/>
    <property name="user.home" value="C:\Users\MSI"/>
    <property name="user.language" value="es"/>
    <property name="java.specification.vendor" value="Oracle Corporation"/>
    <property name="java.version.date" value="2024-01-16"/>
    <property name="java.home" value="C:\Program Files\Eclipse Adoptium\jdk-21.0.2.13-hotspot"/>
    <property name="file.separator" value="\"/>
    <property name="basedir" value="E:\eda\EDA_lab04\artifactId"/>
    <property name="java.vm.compressedOopsMode" value="Zero based"/>
    <property name="line.separator" value="&#10;"/>
    <property name="java.vm.specification.vendor" value="Oracle Corporation"/>
    <property name="java.specification.name" value="Java Platform API Specification"/>
    <property name="surefire.real.class.path" value="C:\Users\MSI\AppData\Local\Temp\surefire10907283709037640679\surefirebooter-20240616132335829_3.jar"/>
    <property name="user.script" value=""/>
    <property name="sun.management.compiler" value="HotSpot 64-Bit Tiered Compilers"/>
    <property name="java.runtime.version" value="21.0.2+13-LTS"/>
    <property name="user.name" value="hz"/>
    <property name="stdout.encoding" value="Cp1252"/>
    <property name="path.separator" value=";"/>
    <property name="os.version" value="10.0"/>
    <property name="java.runtime.name" value="OpenJDK Runtime Environment"/>
    <property name="file.encoding" value="UTF-8"/>
    <property name="java.vm.name" value="OpenJDK 64-Bit Server VM"/>
    <property name="java.vendor.version" value="Temurin-21.0.2+13"/>
    <property name="localRepository" value="C:\Users\MSI\.m2\repository"/>
    <property name="java.vendor.url.bug" value="https://github.com/adoptium/adoptium-support/issues"/>
    <property name="java.io.tmpdir" value="C:\Users\MSI\AppData\Local\Temp\"/>
    <property name="java.version" value="21.0.2"/>
    <property name="user.dir" value="E:\eda\EDA_lab04\artifactId"/>
    <property name="os.arch" value="amd64"/>
    <property name="java.vm.specification.name" value="Java Virtual Machine Specification"/>
    <property name="sun.os.patch.level" value=""/>
    <property name="native.encoding" value="Cp1252"/>
    <property name="java.library.path" value="C:\Program Files\Eclipse Adoptium\jdk-21.0.2.13-hotspot\bin;C:\windows\Sun\Java\bin;C:\windows\system32;C:\windows;C:\Program Files\Eclipse Adoptium\jdk-21.0.2.13-hotspot\bin;C:\Program Files\Eclipse Adoptium\jdk-17.0.8.7-hotspot\bin;C:\Program Files\Common Files\Oracle\Java\javapath;C:\Program Files (x86)\Common Files\Oracle\Java\javapath;C:\windows\system32;C:\windows;C:\windows\System32\Wbem;C:\windows\System32\WindowsPowerShell\v1.0\;C:\windows\System32\OpenSSH\;C:\Program Files\Git\cmd;C:\Strawberry\c\bin;C:\Strawberry\perl\site\bin;C:\Strawberry\perl\bin;C:\Program Files\nodejs\;C:\Users\MSI\AppData\Local\Packages\PythonSoftwareFoundation.Python.3.12_qbz5n2kfra8p0\LocalCache\local-packages\Python312\Scripts;C:\Program Files\PowerShell\7\;C:\Program Files\Docker\Docker\resources\bin;C:\Sqlite;E:\apache-maven-3.9.7-bin\apache-maven-3.9.7\bin;C:\Users\MSI\AppData\Local\Programs\Python\Launcher\;C:\Program Files\MySQL\MySQL Shell 8.0\bin\;C:\Users\MSI\AppData\Local\Microsoft\WindowsApps;C:\Users\MSI\AppData\Local\Programs\Microsoft VS Code\bin;C:\Users\MSI\AppData\Local\Programs\MiKTeX\miktex\bin\x64\;C:\Users\MSI\AppData\Local\Programs\oh-my-posh\bin;C:\Program Files\Neovim\bin;C:\Program Files\MariaDB 11.4\bin;C:\Program Files\JetBrains\IntelliJ IDEA 2023.3.2\bin;;C:\Users\MSI\AppData\Roaming\npm;C:\Users\MSI\AppData\Local\Packages\PythonSoftwareFoundation.Python.3.12_qbz5n2kfra8p0\LocalCache\local-packages\Python312\Scripts;;."/>
    <property name="java.vm.info" value="mixed mode, sharing"/>
    <property name="stderr.encoding" value="Cp1252"/>
    <property name="java.vendor" value="Eclipse Adoptium"/>
    <property name="java.vm.version" value="21.0.2+13-LTS"/>
    <property name="sun.io.unicode.encoding" value="UnicodeLittle"/>
    <property name="java.class.version" value="65.0"/>
  </properties>
  <testcase name="shouldAnswerWithTrue" classname="proyect.AppTest" time="0.002"/>
</testsuite>